#
# A fatal error has been detected by the Java Runtime Environment:
#
#  Internal Error (javaClasses.cpp:129), pid=2496, tid=4828
#  fatal error: Invalid layout of preloaded class
#
# JRE version: 7.0_25-b17
# Java VM: Java HotSpot(TM) Client VM (23.25-b01 mixed mode windows-x86 )
# Failed to write core dump. Minidumps are not enabled by default on client versions of Windows
#
# If you would like to submit a bug report, please visit:
#   http://bugreport.sun.com/bugreport/crash.jsp
#

---------------  T H R E A D  ---------------

Current thread (0x011db000):  JavaThread "Unknown thread" [_thread_in_vm, id=4828, stack(0x01130000,0x01180000)]

Stack: [0x01130000,0x01180000],  sp=0x0117fa0c,  free space=318k
Native frames: (J=compiled Java code, j=interpreted, Vv=VM code, C=native code)
V  [jvm.dll+0x167e31]
V  [jvm.dll+0x1620f6]
V  [jvm.dll+0x1f92f]
V  [jvm.dll+0x1f9b6]
V  [jvm.dll+0x2cffd]
V  [jvm.dll+0x2d2a9]
V  [jvm.dll+0x75351]
V  [jvm.dll+0x7570b]
V  [jvm.dll+0x123881]
V  [jvm.dll+0x1439cc]
V  [jvm.dll+0xa619f]
C  [javaw.exe+0x13ca]
C  [javaw.exe+0x1e3c]
C  [javaw.exe+0xa5b1]
C  [javaw.exe+0xa63b]
C  [kernel32.dll+0x4ed6c]  BaseThreadInitThunk+0x12
C  [ntdll.dll+0x637eb]  RtlInitializeExceptionChain+0xef
C  [ntdll.dll+0x637be]  RtlInitializeExceptionChain+0xc2


---------------  P R O C E S S  ---------------

Java Threads: ( => current thread )

Other Threads:

=>0x011db000 (exited) JavaThread "Unknown thread" [_thread_in_vm, id=4828, stack(0x01130000,0x01180000)]

VM state:not at safepoint (not fully initialized)

VM Mutex/Monitor currently owned by a thread: None

GC Heap History (0 events):
No events

Deoptimization events (0 events):
No events

Internal exceptions (0 events):
No events

Events (10 events):
Event: 0.007 loading class 0x015837d8 done
Event: 0.007 loading class 0x011df938 done
Event: 0.007 loading class 0x011df910
Event: 0.007 loading class 0x015fa038
Event: 0.007 loading class 0x015fa038 done
Event: 0.007 loading class 0x015fa070
Event: 0.007 loading class 0x015fa070 done
Event: 0.007 loading class 0x015eef68
Event: 0.007 loading class 0x015eef68 done
Event: 0.007 loading class 0x011df910 done


Dynamic libraries:
0x00350000 - 0x0037f000 	C:\Program Files\Java\jre7\bin\javaw.exe
0x77c40000 - 0x77d7c000 	C:\Windows\SYSTEM32\ntdll.dll
0x76440000 - 0x76514000 	C:\Windows\system32\kernel32.dll
0x75f90000 - 0x75fdb000 	C:\Windows\system32\KERNELBASE.dll
0x76520000 - 0x765c0000 	C:\Windows\system32\ADVAPI32.dll
0x77870000 - 0x7791c000 	C:\Windows\system32\msvcrt.dll
0x77de0000 - 0x77df9000 	C:\Windows\SYSTEM32\sechost.dll
0x76020000 - 0x760c2000 	C:\Windows\system32\RPCRT4.dll
0x76130000 - 0x761f9000 	C:\Windows\system32\USER32.dll
0x77e20000 - 0x77e6e000 	C:\Windows\system32\GDI32.dll
0x76290000 - 0x7629a000 	C:\Windows\system32\LPK.dll
0x765c0000 - 0x7665d000 	C:\Windows\system32\USP10.dll
0x74cd0000 - 0x74e6e000 	C:\Windows\WinSxS\x86_microsoft.windows.common-controls_6595b64144ccf1df_6.0.7601.17514_none_41e6975e2bd6f2b2\COMCTL32.dll
0x760d0000 - 0x76127000 	C:\Windows\system32\SHLWAPI.dll
0x77790000 - 0x777af000 	C:\Windows\system32\IMM32.DLL
0x776c0000 - 0x7778c000 	C:\Windows\system32\MSCTF.dll
0x717b0000 - 0x7186e000 	C:\Program Files\Java\jre7\bin\msvcr100.dll
0x69c60000 - 0x69fa2000 	C:\Program Files\Java\jre7\bin\client\jvm.dll
0x6f680000 - 0x6f687000 	C:\Windows\system32\WSOCK32.dll
0x777b0000 - 0x777e5000 	C:\Windows\system32\WS2_32.dll
0x76a60000 - 0x76a66000 	C:\Windows\system32\NSI.dll
0x74e70000 - 0x74ea2000 	C:\Windows\system32\WINMM.dll
0x77e00000 - 0x77e05000 	C:\Windows\system32\PSAPI.DLL
0x71770000 - 0x7177c000 	C:\Program Files\Java\jre7\bin\verify.dll
0x71750000 - 0x71770000 	C:\Program Files\Java\jre7\bin\java.dll
0x713e0000 - 0x713f3000 	C:\Program Files\Java\jre7\bin\zip.dll
0x6fd00000 - 0x6fdeb000 	C:\Windows\system32\dbghelp.dll

VM Arguments:
jvm_args: -Dfile.encoding=utf-8 -Xbootclasspath:D:\adt-bundle-windows-x86-20130729\sdk\platforms\android-18\android.jar 
java_command: cn.edu.seu.ciphertext.DES
Launcher Type: SUN_STANDARD

Environment Variables:
JAVA_HOME=C:\Program Files\Java\jdk1.7.0_25
CLASSPATH=.
PATH=C:/Program Files/Java/jre7/bin/client;C:/Program Files/Java/jre7/bin;C:/Program Files/Java/jre7/lib/i386;C:\Program Files\NVIDIA Corporation\PhysX\Common;C:\Windows\system32;C:\Windows;C:\Windows\System32\Wbem;C:\Windows\System32\WindowsPowerShell\v1.0\;C:\Program Files\Microsoft SQL Server\90\Tools\binn\;C:\Program Files\MySQL\MySQL Server 5.0\bin;C:\Program Files\TortoiseSVN\bin;c:\Program Files\Common Files\Ulead Systems\MPEG;C:\Program Files\QuickTime\QTSystem\;C:\Program Files\IBM\Personal Communications\;C:\Program Files\IBM\Trace Facility\;C:\Program Files\Java\jdk1.7.0_25\bin;E:\tomcat6\bin;D:\adt-bundle-windows-x86-20130729\eclipse;
USERNAME=hp-2
OS=Windows_NT
PROCESSOR_IDENTIFIER=x86 Family 6 Model 42 Stepping 7, GenuineIntel



---------------  S Y S T E M  ---------------

OS: Windows 7 Build 7601 Service Pack 1

CPU:total 4 (4 cores per cpu, 1 threads per core) family 6 model 42 stepping 7, cmov, cx8, fxsr, mmx, sse, sse2, sse3, ssse3, sse4.1, sse4.2, popcnt, avx, tsc, tscinvbit

Memory: 4k page, physical 3134316k(1962740k free), swap 6266880k(4981260k free)

vm_info: Java HotSpot(TM) Client VM (23.25-b01) for windows-x86 JRE (1.7.0_25-b17), built on Jun 21 2013 13:06:48 by "java_re" with unknown MS VC++:1600

time: Sun Sep 09 14:21:34 2012
elapsed time: 0 seconds

