#
# A fatal error has been detected by the Java Runtime Environment:
#
#  Internal Error (classFileParser.cpp:3375), pid=4244, tid=6292
#  Error: ShouldNotReachHere()
#
# JRE version: 6.0_24-b07
# Java VM: Java HotSpot(TM) Client VM (19.1-b02 mixed mode windows-x86 )
# If you would like to submit a bug report, please visit:
#   http://java.sun.com/webapps/bugreport/crash.jsp
#

---------------  T H R E A D  ---------------

Current thread (0x019e9000):  JavaThread "Unknown thread" [_thread_in_vm, id=6292, stack(0x00350000,0x003a0000)]

Stack: [0x00350000,0x003a0000],  sp=0x0039f87c,  free space=318k
Native frames: (J=compiled Java code, j=interpreted, Vv=VM code, C=native code)
V  [jvm.dll+0x1fa487]
V  [jvm.dll+0xa337b]
V  [jvm.dll+0x747c8]
V  [jvm.dll+0x75fef]
V  [jvm.dll+0x1c9fc5]
V  [jvm.dll+0x1ca826]
V  [jvm.dll+0x1cabd5]
V  [jvm.dll+0x1cac69]
V  [jvm.dll+0x1cad2c]
V  [jvm.dll+0x1cadaa]
V  [jvm.dll+0x1cae8d]
V  [jvm.dll+0x1cb132]
V  [jvm.dll+0x1ea453]
V  [jvm.dll+0x1ea82c]
V  [jvm.dll+0xd9b4c]
V  [jvm.dll+0x1e3b96]
V  [jvm.dll+0x1033b0]
C  [javaw.exe+0x1657]
C  [javaw.exe+0x1e2c]
C  [javaw.exe+0x8614]
C  [kernel32.dll+0x51114]
C  [ntdll.dll+0x5b299]
C  [ntdll.dll+0x5b26c]


---------------  P R O C E S S  ---------------

Java Threads: ( => current thread )

Other Threads:

=>0x019e9000 (exited) JavaThread "Unknown thread" [_thread_in_vm, id=6292, stack(0x00350000,0x003a0000)]

VM state:not at safepoint (not fully initialized)

VM Mutex/Monitor currently owned by a thread: None

Dynamic libraries:
0x00400000 - 0x00424000 	D:\jdk\jre\bin\javaw.exe
0x76db0000 - 0x76eec000 	C:\Windows\SYSTEM32\ntdll.dll
0x76b10000 - 0x76be4000 	C:\Windows\system32\kernel32.dll
0x75090000 - 0x750da000 	C:\Windows\system32\KERNELBASE.dll
0x75740000 - 0x757e0000 	C:\Windows\system32\ADVAPI32.dll
0x75580000 - 0x7562c000 	C:\Windows\system32\msvcrt.dll
0x76f40000 - 0x76f59000 	C:\Windows\SYSTEM32\sechost.dll
0x754d0000 - 0x75571000 	C:\Windows\system32\RPCRT4.dll
0x76c50000 - 0x76d19000 	C:\Windows\system32\USER32.dll
0x75ce0000 - 0x75d2e000 	C:\Windows\system32\GDI32.dll
0x757e0000 - 0x757ea000 	C:\Windows\system32\LPK.dll
0x76a70000 - 0x76b0d000 	C:\Windows\system32\USP10.dll
0x75d30000 - 0x75d4f000 	C:\Windows\system32\IMM32.DLL
0x75d50000 - 0x75e1c000 	C:\Windows\system32\MSCTF.dll
0x74ec0000 - 0x74ef6000 	C:\Windows\system32\nvinit.dll
0x7c340000 - 0x7c396000 	D:\jdk\jre\bin\msvcr71.dll
0x6d8a0000 - 0x6db46000 	D:\jdk\jre\bin\client\jvm.dll
0x73570000 - 0x735a2000 	C:\Windows\system32\WINMM.dll
0x74df0000 - 0x74e3b000 	C:\Windows\system32\apphelp.dll
0x6d850000 - 0x6d85c000 	D:\jdk\jre\bin\verify.dll
0x6d3d0000 - 0x6d3ef000 	D:\jdk\jre\bin\java.dll
0x6d330000 - 0x6d338000 	D:\jdk\jre\bin\hpi.dll
0x75630000 - 0x75635000 	C:\Windows\system32\PSAPI.DLL
0x6d890000 - 0x6d89f000 	D:\jdk\jre\bin\zip.dll

VM Arguments:
jvm_args: -Dfile.encoding=gbk -Xbootclasspath:D:\adt-bundle-windows-x86-20130522\sdk\platforms\android-17\android.jar 
java_command: md5.LocalIO
Launcher Type: SUN_STANDARD

Environment Variables:
JAVA_HOME=D:\jdk
CLASSPATH=.;D:\jdk\lib
PATH=C:/Program Files/Java/jre7/bin/client;C:/Program Files/Java/jre7/bin;C:/Program Files/Java/jre7/lib/i386;C:\Program Files\Intel\iCLS Client\;C:\Windows\system32;C:\Windows;C:\Windows\System32\Wbem;C:\Windows\System32\WindowsPowerShell\v1.0\;C:\Program Files\Windows7Master;D:\Windows7Master;C:\Program Files\Microsoft SQL Server\100\Tools\Binn\;C:\Program Files\Microsoft SQL Server\100\DTS\Binn\;D:\matlab\bin\win32;D:\jdk\bin;D:\eclipse;
USERNAME=Administrator
OS=Windows_NT
PROCESSOR_IDENTIFIER=x86 Family 6 Model 42 Stepping 7, GenuineIntel



---------------  S Y S T E M  ---------------

OS: Windows 7 Build 7600 

CPU:total 4 (2 cores per cpu, 2 threads per core) family 6 model 42 stepping 7, cmov, cx8, fxsr, mmx, sse, sse2, sse3, ssse3, sse4.1, sse4.2, popcnt, ht

Memory: 4k page, physical 2471792k(959476k free), swap 4941820k(2598968k free)

vm_info: Java HotSpot(TM) Client VM (19.1-b02) for windows-x86 JRE (1.6.0_24-b07), built on Feb  2 2011 17:44:41 by "java_re" with MS VC++ 7.1 (VS2003)

time: Wed Aug 07 17:27:13 2013
elapsed time: 0 seconds

